android/app/build/intermediates/manifest_merge_blame_file/release/manifest-merger-blame-release-report.txt
1<?xml version="1.0" encoding="utf-8"?>
2<manifest xmlns:android="http://schemas.android.com/apk/res/android"
3    package="com.easyearn.cash"
4    android:versionCode="24"
5    android:versionName="24" >
6
7    <uses-sdk
8        android:minSdkVersion="21"
8-->src/main/AndroidManifest.xml
9        android:targetSdkVersion="33" />
9-->src/main/AndroidManifest.xml
10
11    <uses-permission android:name="android.permission.INTERNET" />
11-->src/main/AndroidManifest.xml:3:5-67
11-->src/main/AndroidManifest.xml:3:22-64
12
13    <!-- android 13 notifucation permission -->
14    <uses-permission android:name="android.permission.POST_NOTIFICATIONS" />
14-->src/main/AndroidManifest.xml:8:1-73
14-->src/main/AndroidManifest.xml:8:18-70
15    <uses-permission android:name="android.permission.ACCESS_NETWORK_STATE" />
15-->[:react-native-community_netinfo] AndroidManifest.xml:9:5-79
15-->[:react-native-community_netinfo] AndroidManifest.xml:9:22-76
16    <uses-permission android:name="android.permission.ACCESS_WIFI_STATE" />
16-->[:react-native-community_netinfo] AndroidManifest.xml:10:5-76
16-->[:react-native-community_netinfo] AndroidManifest.xml:10:22-73
17    <uses-permission android:name="android.permission.WAKE_LOCK" /> <!-- Required by older versions of Google Play services to create IID tokens -->
17-->[:react-native-firebase_auth] AndroidManifest.xml:10:5-68
17-->[:react-native-firebase_auth] AndroidManifest.xml:10:22-65
18    <uses-permission android:name="com.google.android.c2dm.permission.RECEIVE" />
18-->[com.google.firebase:firebase-messaging:23.1.2] AndroidManifest.xml:28:5-82
18-->[com.google.firebase:firebase-messaging:23.1.2] AndroidManifest.xml:28:22-79
19    <uses-permission android:name="com.google.android.gms.permission.AD_ID" /> <!-- Android package visibility setting -->
19-->[com.google.android.gms:play-services-measurement-api:21.3.0] AndroidManifest.xml:25:5-79
19-->[com.google.android.gms:play-services-measurement-api:21.3.0] AndroidManifest.xml:25:22-76
20    <queries>
20-->[com.google.android.gms:play-services-ads-lite:22.1.0] AndroidManifest.xml:32:5-48:15
21
22        <!-- For browser content -->
23        <intent>
23-->[com.google.android.gms:play-services-ads-lite:22.1.0] AndroidManifest.xml:35:9-41:18
24            <action android:name="android.intent.action.VIEW" />
24-->[com.google.firebase:firebase-auth:22.0.0] AndroidManifest.xml:36:17-69
24-->[com.google.firebase:firebase-auth:22.0.0] AndroidManifest.xml:36:25-66
25
26            <category android:name="android.intent.category.BROWSABLE" />
26-->[com.google.firebase:firebase-auth:22.0.0] AndroidManifest.xml:39:17-78
26-->[com.google.firebase:firebase-auth:22.0.0] AndroidManifest.xml:39:27-75
27
28            <data android:scheme="https" />
28-->[com.google.firebase:firebase-auth:22.0.0] AndroidManifest.xml:41:17-44:51
28-->[com.google.firebase:firebase-auth:22.0.0] AndroidManifest.xml:44:21-48
29        </intent>
30        <!-- End of browser content -->
31        <!-- For CustomTabsService -->
32        <intent>
32-->[com.google.android.gms:play-services-ads-lite:22.1.0] AndroidManifest.xml:44:9-46:18
33            <action android:name="android.support.customtabs.action.CustomTabsService" />
33-->[com.google.android.gms:play-services-ads-lite:22.1.0] AndroidManifest.xml:45:13-90
33-->[com.google.android.gms:play-services-ads-lite:22.1.0] AndroidManifest.xml:45:21-87
34        </intent>
35        <!-- End of CustomTabsService -->
36    </queries>
37
38    <uses-permission android:name="com.google.android.finsky.permission.BIND_GET_INSTALL_REFERRER_SERVICE" />
38-->[com.google.android.gms:play-services-measurement:21.3.0] AndroidManifest.xml:26:5-110
38-->[com.google.android.gms:play-services-measurement:21.3.0] AndroidManifest.xml:26:22-107
39    <uses-permission android:name="android.permission.FOREGROUND_SERVICE" />
39-->[androidx.work:work-runtime:2.7.0] AndroidManifest.xml:28:5-77
39-->[androidx.work:work-runtime:2.7.0] AndroidManifest.xml:28:22-74
40
41    <application
41-->src/main/AndroidManifest.xml:10:5-29:19
42        android:name="com.easyearn.cash.MainApplication"
42-->src/main/AndroidManifest.xml:11:7-38
43        android:allowBackup="false"
43-->src/main/AndroidManifest.xml:15:7-34
44        android:appComponentFactory="androidx.core.app.CoreComponentFactory"
44-->[androidx.core:core:1.7.0] AndroidManifest.xml:24:18-86
45        android:icon="@mipmap/ic_launcher"
45-->src/main/AndroidManifest.xml:13:7-41
46        android:label="@string/app_name"
46-->src/main/AndroidManifest.xml:12:7-39
47        android:roundIcon="@mipmap/ic_launcher_round"
47-->src/main/AndroidManifest.xml:14:7-52
48        android:theme="@style/AppTheme" >
48-->src/main/AndroidManifest.xml:16:7-38
49        <activity
49-->src/main/AndroidManifest.xml:17:7-28:18
50            android:name="com.easyearn.cash.MainActivity"
50-->src/main/AndroidManifest.xml:18:9-37
51            android:configChanges="keyboard|keyboardHidden|orientation|screenLayout|screenSize|smallestScreenSize|uiMode"
51-->src/main/AndroidManifest.xml:20:9-118
52            android:exported="true"
52-->src/main/AndroidManifest.xml:23:9-32
53            android:label="@string/app_name"
53-->src/main/AndroidManifest.xml:19:9-41
54            android:launchMode="singleTask"
54-->src/main/AndroidManifest.xml:21:9-40
55            android:windowSoftInputMode="adjustResize" >
55-->src/main/AndroidManifest.xml:22:9-51
56            <intent-filter>
56-->src/main/AndroidManifest.xml:24:9-27:25
57                <action android:name="android.intent.action.MAIN" />
57-->src/main/AndroidManifest.xml:25:13-65
57-->src/main/AndroidManifest.xml:25:21-62
58
59                <category android:name="android.intent.category.LAUNCHER" />
59-->src/main/AndroidManifest.xml:26:13-73
59-->src/main/AndroidManifest.xml:26:23-70
60            </intent-filter>
61        </activity>
62        <!-- Disable crashlytics by default so we can custom init with CrashlyticsNdk support -->
63        <meta-data
63-->[:react-native-firebase_crashlytics] AndroidManifest.xml:12:9-14:37
64            android:name="firebase_crashlytics_collection_enabled"
64-->[:react-native-firebase_crashlytics] AndroidManifest.xml:13:13-67
65            android:value="false" />
65-->[:react-native-firebase_crashlytics] AndroidManifest.xml:14:13-34
66
67        <provider
67-->[:react-native-firebase_crashlytics] AndroidManifest.xml:16:9-20:38
68            android:name="io.invertase.firebase.crashlytics.ReactNativeFirebaseCrashlyticsInitProvider"
68-->[:react-native-firebase_crashlytics] AndroidManifest.xml:17:13-104
69            android:authorities="com.easyearn.cash.reactnativefirebasecrashlyticsinitprovider"
69-->[:react-native-firebase_crashlytics] AndroidManifest.xml:18:13-94
70            android:exported="false"
70-->[:react-native-firebase_crashlytics] AndroidManifest.xml:19:13-37
71            android:initOrder="98" />
71-->[:react-native-firebase_crashlytics] AndroidManifest.xml:20:13-35
72
73        <service
73-->[:react-native-firebase_messaging] AndroidManifest.xml:14:9-16:40
74            android:name="io.invertase.firebase.messaging.ReactNativeFirebaseMessagingHeadlessService"
74-->[:react-native-firebase_messaging] AndroidManifest.xml:15:13-103
75            android:exported="false" />
75-->[:react-native-firebase_messaging] AndroidManifest.xml:16:13-37
76        <service
76-->[:react-native-firebase_messaging] AndroidManifest.xml:17:9-23:19
77            android:name="io.invertase.firebase.messaging.ReactNativeFirebaseMessagingService"
77-->[:react-native-firebase_messaging] AndroidManifest.xml:18:13-95
78            android:exported="false" >
78-->[:react-native-firebase_messaging] AndroidManifest.xml:19:13-37
79            <intent-filter>
79-->[:react-native-firebase_messaging] AndroidManifest.xml:20:13-22:29
80                <action android:name="com.google.firebase.MESSAGING_EVENT" />
80-->[:react-native-firebase_messaging] AndroidManifest.xml:21:17-78
80-->[:react-native-firebase_messaging] AndroidManifest.xml:21:25-75
81            </intent-filter>
82        </service>
83
84        <receiver
84-->[:react-native-firebase_messaging] AndroidManifest.xml:25:9-32:20
85            android:name="io.invertase.firebase.messaging.ReactNativeFirebaseMessagingReceiver"
85-->[:react-native-firebase_messaging] AndroidManifest.xml:26:13-96
86            android:exported="true"
86-->[:react-native-firebase_messaging] AndroidManifest.xml:27:13-36
87            android:permission="com.google.android.c2dm.permission.SEND" >
87-->[:react-native-firebase_messaging] AndroidManifest.xml:28:13-73
88            <intent-filter>
88-->[:react-native-firebase_messaging] AndroidManifest.xml:29:13-31:29
89                <action android:name="com.google.android.c2dm.intent.RECEIVE" />
89-->[:react-native-firebase_messaging] AndroidManifest.xml:30:17-81
89-->[:react-native-firebase_messaging] AndroidManifest.xml:30:25-78
90            </intent-filter>
91        </receiver>
92
93        <meta-data
93-->[:react-native-firebase_messaging] AndroidManifest.xml:34:9-36:36
94            android:name="firebase_messaging_auto_init_enabled"
94-->[:react-native-firebase_messaging] AndroidManifest.xml:35:13-64
95            android:value="true" />
95-->[:react-native-firebase_messaging] AndroidManifest.xml:36:13-33
96        <meta-data
96-->[:react-native-firebase_messaging] AndroidManifest.xml:37:9-39:32
97            android:name="com.google.firebase.messaging.default_notification_channel_id"
97-->[:react-native-firebase_messaging] AndroidManifest.xml:38:13-89
98            android:value="" />
98-->[:react-native-firebase_messaging] AndroidManifest.xml:39:13-29
99        <meta-data
99-->[:react-native-firebase_messaging] AndroidManifest.xml:40:9-42:47
100            android:name="com.google.firebase.messaging.default_notification_color"
100-->[:react-native-firebase_messaging] AndroidManifest.xml:41:13-84
101            android:resource="@color/white" />
101-->[:react-native-firebase_messaging] AndroidManifest.xml:42:13-44
102        <meta-data
102-->[:react-native-firebase_app] AndroidManifest.xml:11:9-13:36
103            android:name="app_data_collection_default_enabled"
103-->[:react-native-firebase_app] AndroidManifest.xml:12:13-63
104            android:value="true" />
104-->[:react-native-firebase_app] AndroidManifest.xml:13:13-33
105
106        <service
106-->[:react-native-firebase_app] AndroidManifest.xml:15:9-23:19
107            android:name="com.google.firebase.components.ComponentDiscoveryService"
107-->[:react-native-firebase_app] AndroidManifest.xml:16:13-84
108            android:directBootAware="true"
108-->[:react-native-firebase_app] AndroidManifest.xml:17:13-43
109            android:exported="false" >
109-->[:react-native-firebase_app] AndroidManifest.xml:18:13-37
110            <meta-data
110-->[:react-native-firebase_app] AndroidManifest.xml:20:13-22:85
111                android:name="com.google.firebase.components:io.invertase.firebase.app.ReactNativeFirebaseAppRegistrar"
111-->[:react-native-firebase_app] AndroidManifest.xml:21:17-120
112                android:value="com.google.firebase.components.ComponentRegistrar" />
112-->[:react-native-firebase_app] AndroidManifest.xml:22:17-82
113            <meta-data
113-->[com.google.firebase:firebase-analytics-ktx:21.3.0] AndroidManifest.xml:11:13-13:85
114                android:name="com.google.firebase.components:com.google.firebase.analytics.ktx.FirebaseAnalyticsKtxRegistrar"
114-->[com.google.firebase:firebase-analytics-ktx:21.3.0] AndroidManifest.xml:12:17-126
115                android:value="com.google.firebase.components.ComponentRegistrar" />
115-->[com.google.firebase:firebase-analytics-ktx:21.3.0] AndroidManifest.xml:13:17-82
116            <meta-data
116-->[com.google.firebase:firebase-crashlytics-ndk:18.3.7] AndroidManifest.xml:34:13-36:85
117                android:name="com.google.firebase.components:com.google.firebase.crashlytics.ndk.CrashlyticsNdkRegistrar"
117-->[com.google.firebase:firebase-crashlytics-ndk:18.3.7] AndroidManifest.xml:35:17-122
118                android:value="com.google.firebase.components.ComponentRegistrar" />
118-->[com.google.firebase:firebase-crashlytics-ndk:18.3.7] AndroidManifest.xml:36:17-82
119            <meta-data
119-->[com.google.firebase:firebase-crashlytics:18.3.7] AndroidManifest.xml:17:13-19:85
120                android:name="com.google.firebase.components:com.google.firebase.crashlytics.CrashlyticsRegistrar"
120-->[com.google.firebase:firebase-crashlytics:18.3.7] AndroidManifest.xml:18:17-115
121                android:value="com.google.firebase.components.ComponentRegistrar" />
121-->[com.google.firebase:firebase-crashlytics:18.3.7] AndroidManifest.xml:19:17-82
122            <meta-data
122-->[com.google.firebase:firebase-messaging:23.1.2] AndroidManifest.xml:55:13-57:85
123                android:name="com.google.firebase.components:com.google.firebase.messaging.FirebaseMessagingRegistrar"
123-->[com.google.firebase:firebase-messaging:23.1.2] AndroidManifest.xml:56:17-119
124                android:value="com.google.firebase.components.ComponentRegistrar" />
124-->[com.google.firebase:firebase-messaging:23.1.2] AndroidManifest.xml:57:17-82
125            <meta-data
125-->[com.google.firebase:firebase-datatransport:18.1.7] AndroidManifest.xml:27:13-29:85
126                android:name="com.google.firebase.components:com.google.firebase.datatransport.TransportRegistrar"
126-->[com.google.firebase:firebase-datatransport:18.1.7] AndroidManifest.xml:28:17-115
127                android:value="com.google.firebase.components.ComponentRegistrar" />
127-->[com.google.firebase:firebase-datatransport:18.1.7] AndroidManifest.xml:29:17-82
128            <meta-data
128-->[com.google.firebase:firebase-auth:22.0.0] AndroidManifest.xml:69:13-71:85
129                android:name="com.google.firebase.components:com.google.firebase.auth.FirebaseAuthRegistrar"
129-->[com.google.firebase:firebase-auth:22.0.0] AndroidManifest.xml:70:17-109
130                android:value="com.google.firebase.components.ComponentRegistrar" />
130-->[com.google.firebase:firebase-auth:22.0.0] AndroidManifest.xml:71:17-82
131            <meta-data
131-->[com.google.firebase:firebase-common-ktx:20.3.2] AndroidManifest.xml:14:13-16:85
132                android:name="com.google.firebase.components:com.google.firebase.ktx.FirebaseCommonKtxRegistrar"
132-->[com.google.firebase:firebase-common-ktx:20.3.2] AndroidManifest.xml:15:17-113
133                android:value="com.google.firebase.components.ComponentRegistrar" />
133-->[com.google.firebase:firebase-common-ktx:20.3.2] AndroidManifest.xml:16:17-82
134            <meta-data
134-->[com.google.android.gms:play-services-measurement-api:21.3.0] AndroidManifest.xml:31:13-33:85
135                android:name="com.google.firebase.components:com.google.firebase.analytics.connector.internal.AnalyticsConnectorRegistrar"
135-->[com.google.android.gms:play-services-measurement-api:21.3.0] AndroidManifest.xml:32:17-139
136                android:value="com.google.firebase.components.ComponentRegistrar" />
136-->[com.google.android.gms:play-services-measurement-api:21.3.0] AndroidManifest.xml:33:17-82
137            <meta-data
137-->[com.google.firebase:firebase-installations:17.1.3] AndroidManifest.xml:17:13-19:85
138                android:name="com.google.firebase.components:com.google.firebase.installations.FirebaseInstallationsRegistrar"
138-->[com.google.firebase:firebase-installations:17.1.3] AndroidManifest.xml:18:17-127
139                android:value="com.google.firebase.components.ComponentRegistrar" />
139-->[com.google.firebase:firebase-installations:17.1.3] AndroidManifest.xml:19:17-82
140        </service>
141
142        <provider
142-->[:react-native-firebase_app] AndroidManifest.xml:25:9-29:38
143            android:name="io.invertase.firebase.app.ReactNativeFirebaseAppInitProvider"
143-->[:react-native-firebase_app] AndroidManifest.xml:26:13-88
144            android:authorities="com.easyearn.cash.reactnativefirebaseappinitprovider"
144-->[:react-native-firebase_app] AndroidManifest.xml:27:13-86
145            android:exported="false"
145-->[:react-native-firebase_app] AndroidManifest.xml:28:13-37
146            android:initOrder="99" />
146-->[:react-native-firebase_app] AndroidManifest.xml:29:13-35
147
148        <meta-data
148-->[:react-native-google-mobile-ads] AndroidManifest.xml:14:9-16:70
149            android:name="com.google.android.gms.ads.APPLICATION_ID"
149-->[:react-native-google-mobile-ads] AndroidManifest.xml:15:13-69
150            android:value="ca-app-pub-2291791121050290~7118470639" />
150-->[:react-native-google-mobile-ads] AndroidManifest.xml:16:13-67
151        <meta-data
151-->[:react-native-google-mobile-ads] AndroidManifest.xml:17:9-19:37
152            android:name="com.google.android.gms.ads.DELAY_APP_MEASUREMENT_INIT"
152-->[:react-native-google-mobile-ads] AndroidManifest.xml:18:13-81
153            android:value="false" />
153-->[:react-native-google-mobile-ads] AndroidManifest.xml:19:13-34
154        <meta-data
154-->[:react-native-google-mobile-ads] AndroidManifest.xml:20:9-22:36
155            android:name="com.google.android.gms.ads.flag.OPTIMIZE_INITIALIZATION"
155-->[:react-native-google-mobile-ads] AndroidManifest.xml:21:13-83
156            android:value="true" />
156-->[:react-native-google-mobile-ads] AndroidManifest.xml:22:13-33
157        <meta-data
157-->[:react-native-google-mobile-ads] AndroidManifest.xml:23:9-25:36
158            android:name="com.google.android.gms.ads.flag.OPTIMIZE_AD_LOADING"
158-->[:react-native-google-mobile-ads] AndroidManifest.xml:24:13-79
159            android:value="true" />
159-->[:react-native-google-mobile-ads] AndroidManifest.xml:25:13-33
160
161        <provider
161-->[:react-native-share] AndroidManifest.xml:10:9-18:20
162            android:name="cl.json.RNShareFileProvider"
162-->[:react-native-share] AndroidManifest.xml:11:13-55
163            android:authorities="com.easyearn.cash.rnshare.fileprovider"
163-->[:react-native-share] AndroidManifest.xml:12:13-72
164            android:exported="false"
164-->[:react-native-share] AndroidManifest.xml:13:13-37
165            android:grantUriPermissions="true" >
165-->[:react-native-share] AndroidManifest.xml:14:13-47
166            <meta-data
166-->[:react-native-share] AndroidManifest.xml:15:13-17:64
167                android:name="android.support.FILE_PROVIDER_PATHS"
167-->[:react-native-share] AndroidManifest.xml:16:17-67
168                android:resource="@xml/share_download_paths" />
168-->[:react-native-share] AndroidManifest.xml:17:17-61
169        </provider>
170        <provider
170-->[:react-native-webview] AndroidManifest.xml:10:9-18:20
171            android:name="com.reactnativecommunity.webview.RNCWebViewFileProvider"
171-->[:react-native-webview] AndroidManifest.xml:11:13-83
172            android:authorities="com.easyearn.cash.fileprovider"
172-->[:react-native-webview] AndroidManifest.xml:12:13-64
173            android:exported="false"
173-->[:react-native-webview] AndroidManifest.xml:13:13-37
174            android:grantUriPermissions="true" >
174-->[:react-native-webview] AndroidManifest.xml:14:13-47
175            <meta-data
175-->[:react-native-share] AndroidManifest.xml:15:13-17:64
176                android:name="android.support.FILE_PROVIDER_PATHS"
176-->[:react-native-share] AndroidManifest.xml:16:17-67
177                android:resource="@xml/file_provider_paths" />
177-->[:react-native-share] AndroidManifest.xml:17:17-61
178        </provider>
179
180        <receiver
180-->[com.google.firebase:firebase-messaging:23.1.2] AndroidManifest.xml:31:9-38:20
181            android:name="com.google.firebase.iid.FirebaseInstanceIdReceiver"
181-->[com.google.firebase:firebase-messaging:23.1.2] AndroidManifest.xml:32:13-78
182            android:exported="true"
182-->[com.google.firebase:firebase-messaging:23.1.2] AndroidManifest.xml:33:13-36
183            android:permission="com.google.android.c2dm.permission.SEND" >
183-->[com.google.firebase:firebase-messaging:23.1.2] AndroidManifest.xml:34:13-73
184            <intent-filter>
184-->[:react-native-firebase_messaging] AndroidManifest.xml:29:13-31:29
185                <action android:name="com.google.android.c2dm.intent.RECEIVE" />
185-->[:react-native-firebase_messaging] AndroidManifest.xml:30:17-81
185-->[:react-native-firebase_messaging] AndroidManifest.xml:30:25-78
186            </intent-filter>
187        </receiver>
188        <!--
189             FirebaseMessagingService performs security checks at runtime,
190             but set to not exported to explicitly avoid allowing another app to call it.
191        -->
192        <service
192-->[com.google.firebase:firebase-messaging:23.1.2] AndroidManifest.xml:44:9-51:19
193            android:name="com.google.firebase.messaging.FirebaseMessagingService"
193-->[com.google.firebase:firebase-messaging:23.1.2] AndroidManifest.xml:45:13-82
194            android:directBootAware="true"
194-->[com.google.firebase:firebase-messaging:23.1.2] AndroidManifest.xml:46:13-43
195            android:exported="false" >
195-->[com.google.firebase:firebase-messaging:23.1.2] AndroidManifest.xml:47:13-37
196            <intent-filter android:priority="-500" >
196-->[:react-native-firebase_messaging] AndroidManifest.xml:20:13-22:29
197                <action android:name="com.google.firebase.MESSAGING_EVENT" />
197-->[:react-native-firebase_messaging] AndroidManifest.xml:21:17-78
197-->[:react-native-firebase_messaging] AndroidManifest.xml:21:25-75
198            </intent-filter>
199        </service>
200        <service
200-->[com.google.android.datatransport:transport-backend-cct:3.1.9] AndroidManifest.xml:28:9-34:19
201            android:name="com.google.android.datatransport.runtime.backends.TransportBackendDiscovery"
201-->[com.google.android.datatransport:transport-backend-cct:3.1.9] AndroidManifest.xml:29:13-103
202            android:exported="false" >
202-->[com.google.android.datatransport:transport-backend-cct:3.1.9] AndroidManifest.xml:30:13-37
203            <meta-data
203-->[com.google.android.datatransport:transport-backend-cct:3.1.9] AndroidManifest.xml:31:13-33:39
204                android:name="backend:com.google.android.datatransport.cct.CctBackendFactory"
204-->[com.google.android.datatransport:transport-backend-cct:3.1.9] AndroidManifest.xml:32:17-94
205                android:value="cct" />
205-->[com.google.android.datatransport:transport-backend-cct:3.1.9] AndroidManifest.xml:33:17-36
206        </service>
207        <service
207-->[com.google.android.datatransport:transport-runtime:3.1.9] AndroidManifest.xml:26:9-30:19
208            android:name="com.google.android.datatransport.runtime.scheduling.jobscheduling.JobInfoSchedulerService"
208-->[com.google.android.datatransport:transport-runtime:3.1.9] AndroidManifest.xml:27:13-117
209            android:exported="false"
209-->[com.google.android.datatransport:transport-runtime:3.1.9] AndroidManifest.xml:28:13-37
210            android:permission="android.permission.BIND_JOB_SERVICE" >
210-->[com.google.android.datatransport:transport-runtime:3.1.9] AndroidManifest.xml:29:13-69
211        </service>
212
213        <receiver
213-->[com.google.android.datatransport:transport-runtime:3.1.9] AndroidManifest.xml:32:9-34:40
214            android:name="com.google.android.datatransport.runtime.scheduling.jobscheduling.AlarmManagerSchedulerBroadcastReceiver"
214-->[com.google.android.datatransport:transport-runtime:3.1.9] AndroidManifest.xml:33:13-132
215            android:exported="false" />
215-->[com.google.android.datatransport:transport-runtime:3.1.9] AndroidManifest.xml:34:13-37
216
217        <activity
217-->[com.google.firebase:firebase-auth:22.0.0] AndroidManifest.xml:29:9-46:20
218            android:name="com.google.firebase.auth.internal.GenericIdpActivity"
218-->[com.google.firebase:firebase-auth:22.0.0] AndroidManifest.xml:30:13-80
219            android:excludeFromRecents="true"
219-->[com.google.firebase:firebase-auth:22.0.0] AndroidManifest.xml:31:13-46
220            android:exported="true"
220-->[com.google.firebase:firebase-auth:22.0.0] AndroidManifest.xml:32:13-36
221            android:launchMode="singleTask"
221-->[com.google.firebase:firebase-auth:22.0.0] AndroidManifest.xml:33:13-44
222            android:theme="@android:style/Theme.Translucent.NoTitleBar" >
222-->[com.google.firebase:firebase-auth:22.0.0] AndroidManifest.xml:34:13-72
223            <intent-filter>
223-->[com.google.firebase:firebase-auth:22.0.0] AndroidManifest.xml:35:13-45:29
224                <action android:name="android.intent.action.VIEW" />
224-->[com.google.firebase:firebase-auth:22.0.0] AndroidManifest.xml:36:17-69
224-->[com.google.firebase:firebase-auth:22.0.0] AndroidManifest.xml:36:25-66
225
226                <category android:name="android.intent.category.DEFAULT" />
226-->[com.google.firebase:firebase-auth:22.0.0] AndroidManifest.xml:38:17-76
226-->[com.google.firebase:firebase-auth:22.0.0] AndroidManifest.xml:38:27-73
227                <category android:name="android.intent.category.BROWSABLE" />
227-->[com.google.firebase:firebase-auth:22.0.0] AndroidManifest.xml:39:17-78
227-->[com.google.firebase:firebase-auth:22.0.0] AndroidManifest.xml:39:27-75
228
229                <data
229-->[com.google.firebase:firebase-auth:22.0.0] AndroidManifest.xml:41:17-44:51
230                    android:host="firebase.auth"
230-->[com.google.firebase:firebase-auth:22.0.0] AndroidManifest.xml:42:21-49
231                    android:path="/"
231-->[com.google.firebase:firebase-auth:22.0.0] AndroidManifest.xml:43:21-37
232                    android:scheme="genericidp" />
232-->[com.google.firebase:firebase-auth:22.0.0] AndroidManifest.xml:44:21-48
233            </intent-filter>
234        </activity>
235        <activity
235-->[com.google.firebase:firebase-auth:22.0.0] AndroidManifest.xml:47:9-64:20
236            android:name="com.google.firebase.auth.internal.RecaptchaActivity"
236-->[com.google.firebase:firebase-auth:22.0.0] AndroidManifest.xml:48:13-79
237            android:excludeFromRecents="true"
237-->[com.google.firebase:firebase-auth:22.0.0] AndroidManifest.xml:49:13-46
238            android:exported="true"
238-->[com.google.firebase:firebase-auth:22.0.0] AndroidManifest.xml:50:13-36
239            android:launchMode="singleTask"
239-->[com.google.firebase:firebase-auth:22.0.0] AndroidManifest.xml:51:13-44
240            android:theme="@android:style/Theme.Translucent.NoTitleBar" >
240-->[com.google.firebase:firebase-auth:22.0.0] AndroidManifest.xml:52:13-72
241            <intent-filter>
241-->[com.google.firebase:firebase-auth:22.0.0] AndroidManifest.xml:53:13-63:29
242                <action android:name="android.intent.action.VIEW" />
242-->[com.google.firebase:firebase-auth:22.0.0] AndroidManifest.xml:36:17-69
242-->[com.google.firebase:firebase-auth:22.0.0] AndroidManifest.xml:36:25-66
243
244                <category android:name="android.intent.category.DEFAULT" />
244-->[com.google.firebase:firebase-auth:22.0.0] AndroidManifest.xml:38:17-76
244-->[com.google.firebase:firebase-auth:22.0.0] AndroidManifest.xml:38:27-73
245                <category android:name="android.intent.category.BROWSABLE" />
245-->[com.google.firebase:firebase-auth:22.0.0] AndroidManifest.xml:39:17-78
245-->[com.google.firebase:firebase-auth:22.0.0] AndroidManifest.xml:39:27-75
246
247                <data
247-->[com.google.firebase:firebase-auth:22.0.0] AndroidManifest.xml:41:17-44:51
248                    android:host="firebase.auth"
248-->[com.google.firebase:firebase-auth:22.0.0] AndroidManifest.xml:42:21-49
249                    android:path="/"
249-->[com.google.firebase:firebase-auth:22.0.0] AndroidManifest.xml:43:21-37
250                    android:scheme="recaptcha" />
250-->[com.google.firebase:firebase-auth:22.0.0] AndroidManifest.xml:44:21-48
251            </intent-filter>
252        </activity>
253
254        <provider
254-->[com.google.firebase:firebase-common:20.3.2] AndroidManifest.xml:25:9-30:39
255            android:name="com.google.firebase.provider.FirebaseInitProvider"
255-->[com.google.firebase:firebase-common:20.3.2] AndroidManifest.xml:26:13-77
256            android:authorities="com.easyearn.cash.firebaseinitprovider"
256-->[com.google.firebase:firebase-common:20.3.2] AndroidManifest.xml:27:13-72
257            android:directBootAware="true"
257-->[com.google.firebase:firebase-common:20.3.2] AndroidManifest.xml:28:13-43
258            android:exported="false"
258-->[com.google.firebase:firebase-common:20.3.2] AndroidManifest.xml:29:13-37
259            android:initOrder="100" />
259-->[com.google.firebase:firebase-common:20.3.2] AndroidManifest.xml:30:13-36
260
261        <activity
261-->[com.google.android.gms:play-services-auth:20.5.0] AndroidManifest.xml:23:9-27:75
262            android:name="com.google.android.gms.auth.api.signin.internal.SignInHubActivity"
262-->[com.google.android.gms:play-services-auth:20.5.0] AndroidManifest.xml:24:13-93
263            android:excludeFromRecents="true"
263-->[com.google.android.gms:play-services-auth:20.5.0] AndroidManifest.xml:25:13-46
264            android:exported="false"
264-->[com.google.android.gms:play-services-auth:20.5.0] AndroidManifest.xml:26:13-37
265            android:theme="@android:style/Theme.Translucent.NoTitleBar" />
265-->[com.google.android.gms:play-services-auth:20.5.0] AndroidManifest.xml:27:13-72
266        <!--
267            Service handling Google Sign-In user revocation. For apps that do not integrate with
268            Google Sign-In, this service will never be started.
269        -->
270        <service
270-->[com.google.android.gms:play-services-auth:20.5.0] AndroidManifest.xml:33:9-37:51